<?xml version="1.0" encoding="UTF-8"?>
<testng-results skipped="0" failed="0" ignored="0" total="1" passed="1">
  <reporter-output>
  </reporter-output>
  <suite name="Default suite" duration-ms="18608" started-at="2019-08-19T22:24:22Z" finished-at="2019-08-19T22:24:41Z">
    <groups>
    </groups>
    <test name="Default test" duration-ms="18608" started-at="2019-08-19T22:24:22Z" finished-at="2019-08-19T22:24:41Z">
      <class name="firstFramework.NewProject07Aug.University">
        <test-method status="PASS" signature="canadaGov()[pri:0, instance:firstFramework.NewProject07Aug.University@4cc0edeb]" name="canadaGov" duration-ms="18556" started-at="2019-08-19T22:24:22Z" finished-at="2019-08-19T22:24:41Z">
          <reporter-output>
          </reporter-output>
        </test-method> <!-- canadaGov -->
      </class> <!-- firstFramework.NewProject07Aug.University -->
    </test> <!-- Default test -->
  </suite> <!-- Default suite -->
</testng-results>
