<?xml version="1.0" encoding="UTF-8"?>
<testng-results skipped="0" failed="0" ignored="0" total="1" passed="1">
  <reporter-output>
  </reporter-output>
  <suite name="Default suite" duration-ms="18272" started-at="2019-08-07T23:52:01Z" finished-at="2019-08-07T23:52:19Z">
    <groups>
    </groups>
    <test name="Default test" duration-ms="18272" started-at="2019-08-07T23:52:01Z" finished-at="2019-08-07T23:52:19Z">
      <class name="firstFramework.NewProject07Aug.NewclassAug07">
        <test-method status="PASS" signature="beforeMethod()[pri:0, instance:firstFramework.NewProject07Aug.NewclassAug07@cb5822]" name="beforeMethod" is-config="true" duration-ms="12" started-at="2019-08-07T23:52:01Z" finished-at="2019-08-07T23:52:01Z">
          <reporter-output>
          </reporter-output>
        </test-method> <!-- beforeMethod -->
        <test-method status="PASS" signature="f()[pri:0, instance:firstFramework.NewProject07Aug.NewclassAug07@cb5822]" name="f" duration-ms="18207" started-at="2019-08-07T23:52:01Z" finished-at="2019-08-07T23:52:19Z">
          <reporter-output>
          </reporter-output>
        </test-method> <!-- f -->
      </class> <!-- firstFramework.NewProject07Aug.NewclassAug07 -->
    </test> <!-- Default test -->
  </suite> <!-- Default suite -->
</testng-results>
