<?xml version="1.0" encoding="UTF-8"?>
<testng-results skipped="0" failed="0" ignored="0" total="1" passed="1">
  <reporter-output>
  </reporter-output>
  <suite name="Default suite" duration-ms="11172" started-at="2019-08-17T17:50:08Z" finished-at="2019-08-17T17:50:19Z">
    <groups>
    </groups>
    <test name="Default test" duration-ms="11172" started-at="2019-08-17T17:50:08Z" finished-at="2019-08-17T17:50:19Z">
      <class name="Aug.HowardUniversity.Stanford">
        <test-method status="PASS" signature="stanford()[pri:0, instance:Aug.HowardUniversity.Stanford@4cc0edeb]" name="stanford" duration-ms="11106" started-at="2019-08-17T17:50:08Z" finished-at="2019-08-17T17:50:19Z">
          <reporter-output>
          </reporter-output>
        </test-method> <!-- stanford -->
      </class> <!-- Aug.HowardUniversity.Stanford -->
    </test> <!-- Default test -->
  </suite> <!-- Default suite -->
</testng-results>
